Deployment Date: 2024-10-13 17:09:01
Version: rc-1.0.0-beta
Git Commit: bb1ed9ab930934b61c89c6312c904ec51ee98799
Deployer Address: 0x9b9C71BD4A3f4D3D709bF99f9888E1A8f03D889a, Initial nonce: 8
Compiler Version: v0.8.24+commit.e11b9ed9

Deployed Contracts:
Hub: 0xc12C1E50ABB450d6205Ea2C3Fa861b3B834d13e8
Migration: 0xD44B8dcFBaDfC78EA64c55B705BFc68199B56376
NameRegistry: 0xA27566fD89162cC3D40Cb59c87AAaA49B85F3474
ERC20Lift: 0x5F99a795dD2743C36D63511f0D4bc667e6d3cDB5
StandardTreasury: 0x08F90aB73A515308f03A718257ff9887ED330C6e
BaseGroupMintPolicy: 0xcCa27c26CF7BAC2a9928f42201d48220F0e3a549
MastercopyDemurrageERC20: 0x7E849942b44276e07629740A6543068FF4149C7F
MastercopyInflationaryERC20: 0x84717E1d160A70CfEbB8Fa12a36ed068B238eed1
MastercopyStandardVault: 0x9bC9F2Aa593d9629D0caFd9192e79539db1e8933

Bootstrap End Date: 2024-11-15 23:59:59 UTC
Current Time: 2024-10-13 15:09:01 UTC
Bootstrap Period: 2883058 seconds
Bootstrap End Date (Unix time): 1731715199
Current Time (Unix time): 1728832141